This file contains any messages produced by compilers while
running configure, to aid debugging if configure makes a mistake.

It was created by configure, which was
generated by GNU Autoconf 2.64.  Invocation command line was

  $ ./configure --with-sdl-prefix=/usr/local --with-tcl-inc=/usr/local/include/tcl8.3

## --------- ##
## Platform. ##
## --------- ##

hostname = egaudet-ubuntu
uname -m = arm
uname -r = 2.6.31-16-generic
uname -s = Linux
uname -v = #53-Ubuntu SMP Tue Dec 8 04:01:29 UTC 2009

/usr/bin/uname -p = unknown
/bin/uname -X     = unknown

/bin/arch              = unknown
/usr/bin/arch -k       = unknown
/usr/convex/getsysinfo = unknown
/usr/bin/hostinfo      = unknown
/bin/machine           = unknown
/usr/bin/oslevel       = unknown
/bin/universe          = unknown

PATH: /sb2/wrappers
PATH: /sb2/scripts
PATH: /home/egaudet/.scratchbox2/armv7/bin
PATH: /usr/bin
PATH: /home/egaudet/bin
PATH: /usr/local/sbin
PATH: /usr/local/bin
PATH: /usr/sbin
PATH: /usr/bin
PATH: /sbin
PATH: /bin
PATH: /usr/games
PATH: /sbin
PATH: /usr/sbin
PATH: /srv/preware/cross-compile/toolchain/arm-2007q3/arm-none-linux-gnueabi/libc/bin
PATH: /srv/preware/cross-compile/toolchain/arm-2007q3/arm-none-linux-gnueabi/libc/usr/bin
PATH: /srv/preware/cross-compile/toolchain/arm-2007q3/arm-none-linux-gnueabi/libc/usr/local/bin


## ----------- ##
## Core tests. ##
## ----------- ##

configure:2225: checking for a BSD-compatible install
configure:2293: result: /usr/bin/install -c
configure:2304: checking whether build environment is sane
configure:2341: result: yes
configure:2353: checking whether make sets $(MAKE)
configure:2375: result: yes
configure:2405: checking for working aclocal
configure:2412: result: found
configure:2420: checking for working autoconf
configure:2427: result: found
configure:2435: checking for working automake
configure:2442: result: found
configure:2450: checking for working autoheader
configure:2457: result: found
configure:2465: checking for working makeinfo
configure:2476: result: missing
configure:2491: checking build system type
configure:2505: result: arm-none-linux-gnueabi
configure:2525: checking host system type
configure:2538: result: arm-none-linux-gnueabi
configure:2611: checking for gcc
configure:2627: found /usr/bin/gcc
configure:2638: result: gcc
configure:2867: checking for C compiler version
configure:2876: gcc --version >&5
arm-none-linux-gnueabi-gcc (CodeSourcery Sourcery G++ Lite 2007q3-51) 4.2.1
Copyright (C) 2007 Free Software Foundation, Inc.
This is free software; see the source for copying conditions.  There is NO
warranty; not even for MERCHANTABILITY or FITNESS FOR A PARTICULAR PURPOSE.

configure:2887: $? = 0
configure:2876: gcc -v >&5
Using built-in specs.
Reading specs from /usr/share/scratchbox2/../../share/scratchbox2/modeconf/gcc-specs.simple
rename spec cpp to old_cpp
Target: arm-none-linux-gnueabi
Configured with: /scratch/paul/lite/linux/src/gcc-4.2/configure --build=i686-pc-linux-gnu --host=i686-pc-linux-gnu --target=arm-none-linux-gnueabi --enable-threads --disable-libmudflap --disable-libssp --disable-libgomp --disable-libstdcxx-pch --with-gnu-as --with-gnu-ld --enable-languages=c,c++ --enable-shared --enable-symvers=gnu --enable-__cxa_atexit --with-pkgversion=CodeSourcery Sourcery G++ Lite 2007q3-51 --with-bugurl=https://support.codesourcery.com/GNUToolchain/ --disable-nls --prefix=/opt/codesourcery --with-sysroot=/opt/codesourcery/arm-none-linux-gnueabi/libc --with-build-sysroot=/scratch/paul/lite/linux/install/arm-none-linux-gnueabi/libc --enable-poison-system-directories --with-build-time-tools=/scratch/paul/lite/linux/install/arm-none-linux-gnueabi/bin --with-build-time-tools=/scratch/paul/lite/linux/install/arm-none-linux-gnueabi/bin
Thread model: posix
gcc version 4.2.1 (CodeSourcery Sourcery G++ Lite 2007q3-51)
configure:2887: $? = 0
configure:2876: gcc -V >&5
arm-none-linux-gnueabi-gcc: couldn't run '/srv/preware/cross-compile/toolchain/arm-2007q3/bin/arm-none-linux-gnueabi-gcc--specs=/usr/share/scratchbox2/../../share/scratchbox2/modeconf/gcc-specs.simple': No such file or directory
configure:2887: $? = 1
configure:2876: gcc -qversion >&5
arm-none-linux-gnueabi-gcc: unrecognized option '-qversion'
arm-none-linux-gnueabi-gcc: no input files
configure:2887: $? = 1
configure:2909: checking for C compiler default output file name
configure:2931: gcc   -Wl,-rpath,/usr/local/lib -L/usr/local/lib conftest.c  >&5
configure:2935: $? = 0
configure:2972: result: a.out
configure:2988: checking whether the C compiler works
configure:2997: ./a.out
configure:3001: $? = 0
configure:3016: result: yes
configure:3023: checking whether we are cross compiling
configure:3025: result: no
configure:3028: checking for suffix of executables
configure:3035: gcc -o conftest   -Wl,-rpath,/usr/local/lib -L/usr/local/lib conftest.c  >&5
configure:3039: $? = 0
configure:3061: result: 
configure:3067: checking for suffix of object files
configure:3089: gcc -c   conftest.c >&5
configure:3093: $? = 0
configure:3114: result: o
configure:3118: checking whether we are using the GNU C compiler
configure:3137: gcc -c   conftest.c >&5
configure:3137: $? = 0
configure:3146: result: yes
configure:3155: checking whether gcc accepts -g
configure:3175: gcc -c -g  conftest.c >&5
configure:3175: $? = 0
configure:3216: result: yes
configure:3233: checking for gcc option to accept ISO C89
configure:3297: gcc  -c   conftest.c >&5
configure:3297: $? = 0
configure:3310: result: none needed
configure:3393: checking for g++
configure:3409: found /usr/bin/g++
configure:3420: result: g++
configure:3447: checking for C++ compiler version
configure:3456: g++ --version >&5
arm-none-linux-gnueabi-g++ (CodeSourcery Sourcery G++ Lite 2007q3-51) 4.2.1
Copyright (C) 2007 Free Software Foundation, Inc.
This is free software; see the source for copying conditions.  There is NO
warranty; not even for MERCHANTABILITY or FITNESS FOR A PARTICULAR PURPOSE.

configure:3467: $? = 0
configure:3456: g++ -v >&5
Using built-in specs.
Reading specs from /usr/share/scratchbox2/../../share/scratchbox2/modeconf/gcc-specs.simple
rename spec cpp to old_cpp
Target: arm-none-linux-gnueabi
Configured with: /scratch/paul/lite/linux/src/gcc-4.2/configure --build=i686-pc-linux-gnu --host=i686-pc-linux-gnu --target=arm-none-linux-gnueabi --enable-threads --disable-libmudflap --disable-libssp --disable-libgomp --disable-libstdcxx-pch --with-gnu-as --with-gnu-ld --enable-languages=c,c++ --enable-shared --enable-symvers=gnu --enable-__cxa_atexit --with-pkgversion=CodeSourcery Sourcery G++ Lite 2007q3-51 --with-bugurl=https://support.codesourcery.com/GNUToolchain/ --disable-nls --prefix=/opt/codesourcery --with-sysroot=/opt/codesourcery/arm-none-linux-gnueabi/libc --with-build-sysroot=/scratch/paul/lite/linux/install/arm-none-linux-gnueabi/libc --enable-poison-system-directories --with-build-time-tools=/scratch/paul/lite/linux/install/arm-none-linux-gnueabi/bin --with-build-time-tools=/scratch/paul/lite/linux/install/arm-none-linux-gnueabi/bin
Thread model: posix
gcc version 4.2.1 (CodeSourcery Sourcery G++ Lite 2007q3-51)
configure:3467: $? = 0
configure:3456: g++ -V >&5
arm-none-linux-gnueabi-g++: couldn't run '/srv/preware/cross-compile/toolchain/arm-2007q3/bin/arm-none-linux-gnueabi-gcc--specs=/usr/share/scratchbox2/../../share/scratchbox2/modeconf/gcc-specs.simple': No such file or directory
configure:3467: $? = 1
configure:3456: g++ -qversion >&5
arm-none-linux-gnueabi-g++: unrecognized option '-qversion'
arm-none-linux-gnueabi-g++: no input files
configure:3467: $? = 1
configure:3471: checking whether we are using the GNU C++ compiler
configure:3490: g++ -c   conftest.cpp >&5
configure:3490: $? = 0
configure:3499: result: yes
configure:3508: checking whether g++ accepts -g
configure:3528: g++ -c -g  conftest.cpp >&5
configure:3528: $? = 0
configure:3569: result: yes
configure:3636: checking for ranlib
configure:3652: found /usr/bin/ranlib
configure:3663: result: ranlib
configure:3692: checking how to run the C preprocessor
configure:3723: gcc -E  conftest.c
configure:3723: $? = 0
configure:3737: gcc -E  conftest.c
conftest.c:11:28: error: ac_nonexistent.h: No such file or directory
configure:3737: $? = 1
configure: failed program was:
| /* confdefs.h */
| #define PACKAGE_NAME ""
| #define PACKAGE_TARNAME ""
| #define PACKAGE_VERSION ""
| #define PACKAGE_STRING ""
| #define PACKAGE_BUGREPORT ""
| #define PACKAGE_URL ""
| #define PACKAGE "tuxracer"
| #define VERSION "0.61"
| /* end confdefs.h.  */
| #include <ac_nonexistent.h>
configure:3762: result: gcc -E
configure:3782: gcc -E  conftest.c
configure:3782: $? = 0
configure:3796: gcc -E  conftest.c
conftest.c:11:28: error: ac_nonexistent.h: No such file or directory
configure:3796: $? = 1
configure: failed program was:
| /* confdefs.h */
| #define PACKAGE_NAME ""
| #define PACKAGE_TARNAME ""
| #define PACKAGE_VERSION ""
| #define PACKAGE_STRING ""
| #define PACKAGE_BUGREPORT ""
| #define PACKAGE_URL ""
| #define PACKAGE "tuxracer"
| #define VERSION "0.61"
| /* end confdefs.h.  */
| #include <ac_nonexistent.h>
configure:3825: checking for grep that handles long lines and -e
configure:3883: result: /bin/grep
configure:3888: checking for egrep
configure:3950: result: /bin/grep -E
configure:3955: checking for ANSI C header files
configure:3975: gcc -c   conftest.c >&5
configure:3975: $? = 0
configure:4048: gcc -o conftest   -Wl,-rpath,/usr/local/lib -L/usr/local/lib conftest.c  >&5
configure:4048: $? = 0
configure:4048: ./conftest
configure:4048: $? = 0
configure:4059: result: yes
configure:4072: checking for sys/types.h
configure:4072: gcc -c   conftest.c >&5
configure:4072: $? = 0
configure:4072: result: yes
configure:4072: checking for sys/stat.h
configure:4072: gcc -c   conftest.c >&5
configure:4072: $? = 0
configure:4072: result: yes
configure:4072: checking for stdlib.h
configure:4072: gcc -c   conftest.c >&5
configure:4072: $? = 0
configure:4072: result: yes
configure:4072: checking for string.h
configure:4072: gcc -c   conftest.c >&5
configure:4072: $? = 0
configure:4072: result: yes
configure:4072: checking for memory.h
configure:4072: gcc -c   conftest.c >&5
configure:4072: $? = 0
configure:4072: result: yes
configure:4072: checking for strings.h
configure:4072: gcc -c   conftest.c >&5
configure:4072: $? = 0
configure:4072: result: yes
configure:4072: checking for inttypes.h
configure:4072: gcc -c   conftest.c >&5
configure:4072: $? = 0
configure:4072: result: yes
configure:4072: checking for stdint.h
configure:4072: gcc -c   conftest.c >&5
configure:4072: $? = 0
configure:4072: result: yes
configure:4072: checking for unistd.h
configure:4072: gcc -c   conftest.c >&5
configure:4072: $? = 0
configure:4072: result: yes
configure:4088: checking sys/time.h usability
configure:4088: gcc -c   conftest.c >&5
configure:4088: $? = 0
configure:4088: result: yes
configure:4088: checking sys/time.h presence
configure:4088: gcc -E  conftest.c
configure:4088: $? = 0
configure:4088: result: yes
configure:4088: checking for sys/time.h
configure:4088: result: yes
configure:4088: checking for unistd.h
configure:4088: result: yes
configure:4100: checking for an ANSI C-conforming const
configure:4165: gcc -c   conftest.c >&5
configure:4165: $? = 0
configure:4172: result: yes
configure:4180: checking whether time.h and sys/time.h may both be included
configure:4200: gcc -c   conftest.c >&5
configure:4200: $? = 0
configure:4207: result: yes
configure:4219: checking for getcwd
configure:4219: gcc -o conftest   -Wl,-rpath,/usr/local/lib -L/usr/local/lib conftest.c  >&5
configure:4219: $? = 0
configure:4219: result: yes
configure:4219: checking for gettimeofday
configure:4219: gcc -o conftest   -Wl,-rpath,/usr/local/lib -L/usr/local/lib conftest.c  >&5
configure:4219: $? = 0
configure:4219: result: yes
configure:4219: checking for strdup
configure:4219: gcc -o conftest   -Wl,-rpath,/usr/local/lib -L/usr/local/lib conftest.c  >&5
conftest.c:49: warning: conflicting types for built-in function 'strdup'
configure:4219: $? = 0
configure:4219: result: yes
configure:4233: checking for finite
configure:4233: gcc -o conftest   -Wl,-rpath,/usr/local/lib -L/usr/local/lib conftest.c  >&5
conftest.c:50: warning: conflicting types for built-in function 'finite'
configure:4233: $? = 0
configure:4233: result: yes
configure:4233: checking for isnan
configure:4233: gcc -o conftest   -Wl,-rpath,/usr/local/lib -L/usr/local/lib conftest.c  >&5
conftest.c:51: warning: conflicting types for built-in function 'isnan'
configure:4233: $? = 0
configure:4233: result: yes
configure:4246: checking for _finite
configure:4246: gcc -o conftest   -Wl,-rpath,/usr/local/lib -L/usr/local/lib conftest.c  >&5
/tmp/cceiW9Qs.o: In function `main':
conftest.c:(.text+0x8): undefined reference to `_finite'
collect2: ld returned 1 exit status
configure:4246: $? = 1
configure: failed program was:
| /* confdefs.h */
| #define PACKAGE_NAME ""
| #define PACKAGE_TARNAME ""
| #define PACKAGE_VERSION ""
| #define PACKAGE_STRING ""
| #define PACKAGE_BUGREPORT ""
| #define PACKAGE_URL ""
| #define PACKAGE "tuxracer"
| #define VERSION "0.61"
| #define STDC_HEADERS 1
| #define HAVE_SYS_TYPES_H 1
| #define HAVE_SYS_STAT_H 1
| #define HAVE_STDLIB_H 1
| #define HAVE_STRING_H 1
| #define HAVE_MEMORY_H 1
| #define HAVE_STRINGS_H 1
| #define HAVE_INTTYPES_H 1
| #define HAVE_STDINT_H 1
| #define HAVE_UNISTD_H 1
| #define HAVE_SYS_TIME_H 1
| #define HAVE_UNISTD_H 1
| #define TIME_WITH_SYS_TIME 1
| #define HAVE_GETCWD 1
| #define HAVE_GETTIMEOFDAY 1
| #define HAVE_STRDUP 1
| #define HAVE_FINITE 1
| #define HAVE_ISNAN 1
| /* end confdefs.h.  */
| /* Define _finite to an innocuous variant, in case <limits.h> declares _finite.
|    For example, HP-UX 11i <limits.h> declares gettimeofday.  */
| #define _finite innocuous__finite
| 
| /* System header to define __stub macros and hopefully few prototypes,
|     which can conflict with char _finite (); below.
|     Prefer <limits.h> to <assert.h> if __STDC__ is defined, since
|     <limits.h> exists even on freestanding compilers.  */
| 
| #ifdef __STDC__
| # include <limits.h>
| #else
| # include <assert.h>
| #endif
| 
| #undef _finite
| 
| /* Override any GCC internal prototype to avoid an error.
|    Use char because int might match the return type of a GCC
|    builtin and then its argument prototype would still apply.  */
| #ifdef __cplusplus
| extern "C"
| #endif
| char _finite ();
| /* The GNU C library defines this for functions which it implements
|     to always fail with ENOSYS.  Some functions are actually named
|     something starting with __ and the normal name is an alias.  */
| #if defined __stub__finite || defined __stub____finite
| choke me
| #endif
| 
| int
| main ()
| {
| return _finite ();
|   ;
|   return 0;
| }
configure:4246: result: no
configure:4246: checking for _isnan
configure:4246: gcc -o conftest   -Wl,-rpath,/usr/local/lib -L/usr/local/lib conftest.c  >&5
/tmp/ccMPFMNS.o: In function `main':
conftest.c:(.text+0x8): undefined reference to `_isnan'
collect2: ld returned 1 exit status
configure:4246: $? = 1
configure: failed program was:
| /* confdefs.h */
| #define PACKAGE_NAME ""
| #define PACKAGE_TARNAME ""
| #define PACKAGE_VERSION ""
| #define PACKAGE_STRING ""
| #define PACKAGE_BUGREPORT ""
| #define PACKAGE_URL ""
| #define PACKAGE "tuxracer"
| #define VERSION "0.61"
| #define STDC_HEADERS 1
| #define HAVE_SYS_TYPES_H 1
| #define HAVE_SYS_STAT_H 1
| #define HAVE_STDLIB_H 1
| #define HAVE_STRING_H 1
| #define HAVE_MEMORY_H 1
| #define HAVE_STRINGS_H 1
| #define HAVE_INTTYPES_H 1
| #define HAVE_STDINT_H 1
| #define HAVE_UNISTD_H 1
| #define HAVE_SYS_TIME_H 1
| #define HAVE_UNISTD_H 1
| #define TIME_WITH_SYS_TIME 1
| #define HAVE_GETCWD 1
| #define HAVE_GETTIMEOFDAY 1
| #define HAVE_STRDUP 1
| #define HAVE_FINITE 1
| #define HAVE_ISNAN 1
| /* end confdefs.h.  */
| /* Define _isnan to an innocuous variant, in case <limits.h> declares _isnan.
|    For example, HP-UX 11i <limits.h> declares gettimeofday.  */
| #define _isnan innocuous__isnan
| 
| /* System header to define __stub macros and hopefully few prototypes,
|     which can conflict with char _isnan (); below.
|     Prefer <limits.h> to <assert.h> if __STDC__ is defined, since
|     <limits.h> exists even on freestanding compilers.  */
| 
| #ifdef __STDC__
| # include <limits.h>
| #else
| # include <assert.h>
| #endif
| 
| #undef _isnan
| 
| /* Override any GCC internal prototype to avoid an error.
|    Use char because int might match the return type of a GCC
|    builtin and then its argument prototype would still apply.  */
| #ifdef __cplusplus
| extern "C"
| #endif
| char _isnan ();
| /* The GNU C library defines this for functions which it implements
|     to always fail with ENOSYS.  Some functions are actually named
|     something starting with __ and the normal name is an alias.  */
| #if defined __stub__isnan || defined __stub____isnan
| choke me
| #endif
| 
| int
| main ()
| {
| return _isnan ();
|   ;
|   return 0;
| }
configure:4246: result: no
configure:4258: checking ieeefp.h usability
configure:4258: gcc -c   conftest.c >&5
conftest.c:62:20: error: ieeefp.h: No such file or directory
configure:4258: $? = 1
configure: failed program was:
| /* confdefs.h */
| #define PACKAGE_NAME ""
| #define PACKAGE_TARNAME ""
| #define PACKAGE_VERSION ""
| #define PACKAGE_STRING ""
| #define PACKAGE_BUGREPORT ""
| #define PACKAGE_URL ""
| #define PACKAGE "tuxracer"
| #define VERSION "0.61"
| #define STDC_HEADERS 1
| #define HAVE_SYS_TYPES_H 1
| #define HAVE_SYS_STAT_H 1
| #define HAVE_STDLIB_H 1
| #define HAVE_STRING_H 1
| #define HAVE_MEMORY_H 1
| #define HAVE_STRINGS_H 1
| #define HAVE_INTTYPES_H 1
| #define HAVE_STDINT_H 1
| #define HAVE_UNISTD_H 1
| #define HAVE_SYS_TIME_H 1
| #define HAVE_UNISTD_H 1
| #define TIME_WITH_SYS_TIME 1
| #define HAVE_GETCWD 1
| #define HAVE_GETTIMEOFDAY 1
| #define HAVE_STRDUP 1
| #define HAVE_FINITE 1
| #define HAVE_ISNAN 1
| /* end confdefs.h.  */
| #include <stdio.h>
| #ifdef HAVE_SYS_TYPES_H
| # include <sys/types.h>
| #endif
| #ifdef HAVE_SYS_STAT_H
| # include <sys/stat.h>
| #endif
| #ifdef STDC_HEADERS
| # include <stdlib.h>
| # include <stddef.h>
| #else
| # ifdef HAVE_STDLIB_H
| #  include <stdlib.h>
| # endif
| #endif
| #ifdef HAVE_STRING_H
| # if !defined STDC_HEADERS && defined HAVE_MEMORY_H
| #  include <memory.h>
| # endif
| # include <string.h>
| #endif
| #ifdef HAVE_STRINGS_H
| # include <strings.h>
| #endif
| #ifdef HAVE_INTTYPES_H
| # include <inttypes.h>
| #endif
| #ifdef HAVE_STDINT_H
| # include <stdint.h>
| #endif
| #ifdef HAVE_UNISTD_H
| # include <unistd.h>
| #endif
| #include <ieeefp.h>
configure:4258: result: no
configure:4258: checking ieeefp.h presence
configure:4258: gcc -E  conftest.c
conftest.c:29:20: error: ieeefp.h: No such file or directory
configure:4258: $? = 1
configure: failed program was:
| /* confdefs.h */
| #define PACKAGE_NAME ""
| #define PACKAGE_TARNAME ""
| #define PACKAGE_VERSION ""
| #define PACKAGE_STRING ""
| #define PACKAGE_BUGREPORT ""
| #define PACKAGE_URL ""
| #define PACKAGE "tuxracer"
| #define VERSION "0.61"
| #define STDC_HEADERS 1
| #define HAVE_SYS_TYPES_H 1
| #define HAVE_SYS_STAT_H 1
| #define HAVE_STDLIB_H 1
| #define HAVE_STRING_H 1
| #define HAVE_MEMORY_H 1
| #define HAVE_STRINGS_H 1
| #define HAVE_INTTYPES_H 1
| #define HAVE_STDINT_H 1
| #define HAVE_UNISTD_H 1
| #define HAVE_SYS_TIME_H 1
| #define HAVE_UNISTD_H 1
| #define TIME_WITH_SYS_TIME 1
| #define HAVE_GETCWD 1
| #define HAVE_GETTIMEOFDAY 1
| #define HAVE_STRDUP 1
| #define HAVE_FINITE 1
| #define HAVE_ISNAN 1
| /* end confdefs.h.  */
| #include <ieeefp.h>
configure:4258: result: no
configure:4258: checking for ieeefp.h
configure:4258: result: no
configure:4301: checking for Win32 platform
configure:4319: result: no
configure:4327: checking for X
configure:4435: gcc -E  conftest.c
conftest.c:29:22: error: X11/Xlib.h: No such file or directory
configure:4435: $? = 1
configure: failed program was:
| /* confdefs.h */
| #define PACKAGE_NAME ""
| #define PACKAGE_TARNAME ""
| #define PACKAGE_VERSION ""
| #define PACKAGE_STRING ""
| #define PACKAGE_BUGREPORT ""
| #define PACKAGE_URL ""
| #define PACKAGE "tuxracer"
| #define VERSION "0.61"
| #define STDC_HEADERS 1
| #define HAVE_SYS_TYPES_H 1
| #define HAVE_SYS_STAT_H 1
| #define HAVE_STDLIB_H 1
| #define HAVE_STRING_H 1
| #define HAVE_MEMORY_H 1
| #define HAVE_STRINGS_H 1
| #define HAVE_INTTYPES_H 1
| #define HAVE_STDINT_H 1
| #define HAVE_UNISTD_H 1
| #define HAVE_SYS_TIME_H 1
| #define HAVE_UNISTD_H 1
| #define TIME_WITH_SYS_TIME 1
| #define HAVE_GETCWD 1
| #define HAVE_GETTIMEOFDAY 1
| #define HAVE_STRDUP 1
| #define HAVE_FINITE 1
| #define HAVE_ISNAN 1
| /* end confdefs.h.  */
| #include <X11/Xlib.h>
configure:4466: gcc -o conftest   -Wl,-rpath,/usr/local/lib -L/usr/local/lib conftest.c -lX11  >&5
conftest.c:29:22: error: X11/Xlib.h: No such file or directory
configure:4466: $? = 1
configure: failed program was:
| /* confdefs.h */
| #define PACKAGE_NAME ""
| #define PACKAGE_TARNAME ""
| #define PACKAGE_VERSION ""
| #define PACKAGE_STRING ""
| #define PACKAGE_BUGREPORT ""
| #define PACKAGE_URL ""
| #define PACKAGE "tuxracer"
| #define VERSION "0.61"
| #define STDC_HEADERS 1
| #define HAVE_SYS_TYPES_H 1
| #define HAVE_SYS_STAT_H 1
| #define HAVE_STDLIB_H 1
| #define HAVE_STRING_H 1
| #define HAVE_MEMORY_H 1
| #define HAVE_STRINGS_H 1
| #define HAVE_INTTYPES_H 1
| #define HAVE_STDINT_H 1
| #define HAVE_UNISTD_H 1
| #define HAVE_SYS_TIME_H 1
| #define HAVE_UNISTD_H 1
| #define TIME_WITH_SYS_TIME 1
| #define HAVE_GETCWD 1
| #define HAVE_GETTIMEOFDAY 1
| #define HAVE_STRDUP 1
| #define HAVE_FINITE 1
| #define HAVE_ISNAN 1
| /* end confdefs.h.  */
| #include <X11/Xlib.h>
| int
| main ()
| {
| XrmInitialize ()
|   ;
|   return 0;
| }
configure:4505: result: no
configure:5015: checking for main in -ldl
configure:5034: gcc -o conftest   -Wl,-rpath,/usr/local/lib -L/usr/local/lib conftest.c -ldl   >&5
configure:5034: $? = 0
configure:5043: result: yes
configure:5049: checking for main in -lm
configure:5068: gcc -o conftest   -Wl,-rpath,/usr/local/lib -L/usr/local/lib conftest.c -lm   >&5
configure:5068: $? = 0
configure:5077: result: yes
configure:5115: checking for tcl8.3 library
configure:5129: gcc -o conftest   -Wl,-rpath,/usr/local/lib -L/usr/local/lib conftest.c   -ldl -lm  -ltcl8.3 >&5
configure:5129: $? = 0
configure:5136: result: yes
configure:5235: checking for tcl.h
configure:5241: gcc -E   -DTUXRACER_NO_ASSERT=1 -I/usr/local/include/tcl8.3 conftest.c
configure:5241: $? = 0
configure:5247: result: yes
configure:5423: checking for sdl-config
configure:5454: result: /usr/local/bin/sdl-config
configure:5463: checking for SDL - version >= 1.0.1
configure:5548: gcc -o conftest  -I/usr/local/include/SDL -D_GNU_SOURCE=1 -D_REENTRANT  -Wl,-rpath,/usr/local/lib -L/usr/local/lib conftest.c  -L/usr/local/lib -Wl,-rpath,/usr/local/lib -lSDL -lpthread >&5
configure:5548: $? = 0
configure:5548: ./conftest
configure:5548: $? = 0
configure:5562: result: yes
configure:5636: checking for SDL_JoystickOpen
configure:5636: gcc -o conftest   -Wl,-rpath,/usr/local/lib -L/usr/local/lib conftest.c   -ldl -lm  -ltcl8.3 -L/usr/local/lib -Wl,-rpath,/usr/local/lib -lSDL -lpthread >&5
configure:5636: $? = 0
configure:5636: result: yes
configure:5653: checking for Mix_OpenAudio in -lSDL_mixer
configure:5678: gcc -o conftest   -Wl,-rpath,/usr/local/lib -L/usr/local/lib conftest.c -lSDL_mixer    -ldl -lm  -ltcl8.3 -L/usr/local/lib -Wl,-rpath,/usr/local/lib -lSDL -lpthread >&5
configure:5678: $? = 0
configure:5687: result: yes
configure:5744: checking for GL library
configure:5758: gcc -o conftest   -Wl,-rpath,/usr/local/lib -L/usr/local/lib conftest.c   -ldl -lm  -ltcl8.3 -L/usr/local/lib -Wl,-rpath,/usr/local/lib -lSDL -lpthread -lSDL_mixer  -lGL >&5
/srv/preware/cross-compile/toolchain/arm-2007q3/bin/arm-none-linux-gnueabi-ld: cannot find -lGL
collect2: ld returned 1 exit status
configure:5758: $? = 1
configure: failed program was:
| /* confdefs.h */
| #define PACKAGE_NAME ""
| #define PACKAGE_TARNAME ""
| #define PACKAGE_VERSION ""
| #define PACKAGE_STRING ""
| #define PACKAGE_BUGREPORT ""
| #define PACKAGE_URL ""
| #define PACKAGE "tuxracer"
| #define VERSION "0.61"
| #define STDC_HEADERS 1
| #define HAVE_SYS_TYPES_H 1
| #define HAVE_SYS_STAT_H 1
| #define HAVE_STDLIB_H 1
| #define HAVE_STRING_H 1
| #define HAVE_MEMORY_H 1
| #define HAVE_STRINGS_H 1
| #define HAVE_INTTYPES_H 1
| #define HAVE_STDINT_H 1
| #define HAVE_UNISTD_H 1
| #define HAVE_SYS_TIME_H 1
| #define HAVE_UNISTD_H 1
| #define TIME_WITH_SYS_TIME 1
| #define HAVE_GETCWD 1
| #define HAVE_GETTIMEOFDAY 1
| #define HAVE_STRDUP 1
| #define HAVE_FINITE 1
| #define HAVE_ISNAN 1
| #define X_DISPLAY_MISSING 1
| #define HAVE_SDL_JOYSTICKOPEN 1
| /* end confdefs.h.  */
| 
| int
| main ()
| {
| 
|   ;
|   return 0;
| }
configure:5765: result: no
configure:5773: checking for GL library (with pthreads)
configure:5787: gcc -o conftest   -Wl,-rpath,/usr/local/lib -L/usr/local/lib conftest.c   -ldl -lm  -ltcl8.3 -L/usr/local/lib -Wl,-rpath,/usr/local/lib -lSDL -lpthread -lSDL_mixer  -lGL -lpthread >&5
/srv/preware/cross-compile/toolchain/arm-2007q3/bin/arm-none-linux-gnueabi-ld: cannot find -lGL
collect2: ld returned 1 exit status
configure:5787: $? = 1
configure: failed program was:
| /* confdefs.h */
| #define PACKAGE_NAME ""
| #define PACKAGE_TARNAME ""
| #define PACKAGE_VERSION ""
| #define PACKAGE_STRING ""
| #define PACKAGE_BUGREPORT ""
| #define PACKAGE_URL ""
| #define PACKAGE "tuxracer"
| #define VERSION "0.61"
| #define STDC_HEADERS 1
| #define HAVE_SYS_TYPES_H 1
| #define HAVE_SYS_STAT_H 1
| #define HAVE_STDLIB_H 1
| #define HAVE_STRING_H 1
| #define HAVE_MEMORY_H 1
| #define HAVE_STRINGS_H 1
| #define HAVE_INTTYPES_H 1
| #define HAVE_STDINT_H 1
| #define HAVE_UNISTD_H 1
| #define HAVE_SYS_TIME_H 1
| #define HAVE_UNISTD_H 1
| #define TIME_WITH_SYS_TIME 1
| #define HAVE_GETCWD 1
| #define HAVE_GETTIMEOFDAY 1
| #define HAVE_STRDUP 1
| #define HAVE_FINITE 1
| #define HAVE_ISNAN 1
| #define X_DISPLAY_MISSING 1
| #define HAVE_SDL_JOYSTICKOPEN 1
| /* end confdefs.h.  */
| 
| int
| main ()
| {
| 
|   ;
|   return 0;
| }
configure:5794: result: no
configure:5812: checking for GLESv2 library
configure:5826: gcc -o conftest   -Wl,-rpath,/usr/local/lib -L/usr/local/lib conftest.c   -ldl -lm  -ltcl8.3 -L/usr/local/lib -Wl,-rpath,/usr/local/lib -lSDL -lpthread -lSDL_mixer  -lGLESv2 >&5
configure:5826: $? = 0
configure:5833: result: yes
configure:6032: checking for glXGetProcAddressARB
configure:6032: gcc -o conftest   -Wl,-rpath,/usr/local/lib -L/usr/local/lib conftest.c   -ldl -lm  -ltcl8.3 -L/usr/local/lib -Wl,-rpath,/usr/local/lib -lSDL -lpthread -lSDL_mixer  -lGLESv2 >&5
/tmp/cceNlgu9.o: In function `main':
conftest.c:(.text+0x8): undefined reference to `glXGetProcAddressARB'
collect2: ld returned 1 exit status
configure:6032: $? = 1
configure: failed program was:
| /* confdefs.h */
| #define PACKAGE_NAME ""
| #define PACKAGE_TARNAME ""
| #define PACKAGE_VERSION ""
| #define PACKAGE_STRING ""
| #define PACKAGE_BUGREPORT ""
| #define PACKAGE_URL ""
| #define PACKAGE "tuxracer"
| #define VERSION "0.61"
| #define STDC_HEADERS 1
| #define HAVE_SYS_TYPES_H 1
| #define HAVE_SYS_STAT_H 1
| #define HAVE_STDLIB_H 1
| #define HAVE_STRING_H 1
| #define HAVE_MEMORY_H 1
| #define HAVE_STRINGS_H 1
| #define HAVE_INTTYPES_H 1
| #define HAVE_STDINT_H 1
| #define HAVE_UNISTD_H 1
| #define HAVE_SYS_TIME_H 1
| #define HAVE_UNISTD_H 1
| #define TIME_WITH_SYS_TIME 1
| #define HAVE_GETCWD 1
| #define HAVE_GETTIMEOFDAY 1
| #define HAVE_STRDUP 1
| #define HAVE_FINITE 1
| #define HAVE_ISNAN 1
| #define X_DISPLAY_MISSING 1
| #define HAVE_SDL_JOYSTICKOPEN 1
| /* end confdefs.h.  */
| /* Define glXGetProcAddressARB to an innocuous variant, in case <limits.h> declares glXGetProcAddressARB.
|    For example, HP-UX 11i <limits.h> declares gettimeofday.  */
| #define glXGetProcAddressARB innocuous_glXGetProcAddressARB
| 
| /* System header to define __stub macros and hopefully few prototypes,
|     which can conflict with char glXGetProcAddressARB (); below.
|     Prefer <limits.h> to <assert.h> if __STDC__ is defined, since
|     <limits.h> exists even on freestanding compilers.  */
| 
| #ifdef __STDC__
| # include <limits.h>
| #else
| # include <assert.h>
| #endif
| 
| #undef glXGetProcAddressARB
| 
| /* Override any GCC internal prototype to avoid an error.
|    Use char because int might match the return type of a GCC
|    builtin and then its argument prototype would still apply.  */
| #ifdef __cplusplus
| extern "C"
| #endif
| char glXGetProcAddressARB ();
| /* The GNU C library defines this for functions which it implements
|     to always fail with ENOSYS.  Some functions are actually named
|     something starting with __ and the normal name is an alias.  */
| #if defined __stub_glXGetProcAddressARB || defined __stub___glXGetProcAddressARB
| choke me
| #endif
| 
| int
| main ()
| {
| return glXGetProcAddressARB ();
|   ;
|   return 0;
| }
configure:6032: result: no
configure:6066: checking for SDL_opengles.h
configure:6072: gcc -E    -DTUXRACER_NO_ASSERT=1 -I/usr/local/include/tcl8.3 -DTCL_HEADER=\<tcl.h\> -DHAVE_SDL=1 -DHAVE_SDL_MIXER=1 conftest.c
configure:6072: $? = 0
configure:6078: result: yes
configure:6261: creating ./config.status

## ---------------------- ##
## Running config.status. ##
## ---------------------- ##

This file was extended by config.status, which was
generated by GNU Autoconf 2.64.  Invocation command line was

  CONFIG_FILES    = 
  CONFIG_HEADERS  = 
  CONFIG_LINKS    = 
  CONFIG_COMMANDS = 
  $ ./config.status 

on egaudet-ubuntu

config.status:857: creating Makefile
config.status:960: WARNING:  'Makefile.in' seems to ignore the --datarootdir setting
config.status:857: creating src/Makefile
config.status:960: WARNING:  'src/Makefile.in' seems to ignore the --datarootdir setting
config.status:857: creating config.h
config.status:1023: config.h is unchanged
config.status:1037: executing default-1 commands

## ---------------- ##
## Cache variables. ##
## ---------------- ##

ac_cv_build=arm-none-linux-gnueabi
ac_cv_c_compiler_gnu=yes
ac_cv_c_const=yes
ac_cv_cxx_compiler_gnu=yes
ac_cv_env_CCC_set=
ac_cv_env_CCC_value=
ac_cv_env_CC_set=
ac_cv_env_CC_value=
ac_cv_env_CFLAGS_set=
ac_cv_env_CFLAGS_value=
ac_cv_env_CPPFLAGS_set=
ac_cv_env_CPPFLAGS_value=
ac_cv_env_CPP_set=
ac_cv_env_CPP_value=
ac_cv_env_CXXFLAGS_set=
ac_cv_env_CXXFLAGS_value=
ac_cv_env_CXX_set=
ac_cv_env_CXX_value=
ac_cv_env_LDFLAGS_set=set
ac_cv_env_LDFLAGS_value='-Wl,-rpath,/usr/local/lib -L/usr/local/lib'
ac_cv_env_LIBS_set=
ac_cv_env_LIBS_value=
ac_cv_env_XMKMF_set=
ac_cv_env_XMKMF_value=
ac_cv_env_build_alias_set=
ac_cv_env_build_alias_value=
ac_cv_env_host_alias_set=
ac_cv_env_host_alias_value=
ac_cv_env_target_alias_set=
ac_cv_env_target_alias_value=
ac_cv_func_SDL_JoystickOpen=yes
ac_cv_func__finite=no
ac_cv_func__isnan=no
ac_cv_func_finite=yes
ac_cv_func_getcwd=yes
ac_cv_func_gettimeofday=yes
ac_cv_func_glXGetProcAddressARB=no
ac_cv_func_isnan=yes
ac_cv_func_strdup=yes
ac_cv_have_x=have_x=no
ac_cv_header_ieeefp_h=no
ac_cv_header_inttypes_h=yes
ac_cv_header_memory_h=yes
ac_cv_header_stdc=yes
ac_cv_header_stdint_h=yes
ac_cv_header_stdlib_h=yes
ac_cv_header_string_h=yes
ac_cv_header_strings_h=yes
ac_cv_header_sys_stat_h=yes
ac_cv_header_sys_time_h=yes
ac_cv_header_sys_types_h=yes
ac_cv_header_time=yes
ac_cv_header_unistd_h=yes
ac_cv_host=arm-none-linux-gnueabi
ac_cv_lib_SDL_mixer_Mix_OpenAudio=yes
ac_cv_lib_dl_main=yes
ac_cv_lib_m_main=yes
ac_cv_objext=o
ac_cv_path_EGREP='/bin/grep -E'
ac_cv_path_GREP=/bin/grep
ac_cv_path_SDL_CONFIG=/usr/local/bin/sdl-config
ac_cv_path_install='/usr/bin/install -c'
ac_cv_prog_CPP='gcc -E'
ac_cv_prog_ac_ct_CC=gcc
ac_cv_prog_ac_ct_CXX=g++
ac_cv_prog_ac_ct_RANLIB=ranlib
ac_cv_prog_cc_c89=
ac_cv_prog_cc_g=yes
ac_cv_prog_cxx_g=yes
ac_cv_prog_make_make_set=yes

## ----------------- ##
## Output variables. ##
## ----------------- ##

ACLOCAL='aclocal'
AUTOCONF='autoconf'
AUTOHEADER='autoheader'
AUTOMAKE='automake'
CC='gcc'
CFLAGS=' -O2 -Werror -fomit-frame-pointer -ffast-math -fexpensive-optimizations -I/usr/local/include/SDL -D_GNU_SOURCE=1 -D_REENTRANT'
CPP='gcc -E'
CPPFLAGS='   -DTUXRACER_NO_ASSERT=1 -I/usr/local/include/tcl8.3 -DTCL_HEADER=\<tcl.h\> -DHAVE_SDL=1 -DHAVE_SDL_MIXER=1  -DTUXRACER_NO_ASSERT=1 -I/usr/local/include/tcl8.3 -DTCL_HEADER=\<tcl.h\> -DHAVE_SDL=1 -DHAVE_SDL_MIXER=1'
CXX='g++'
CXXFLAGS=' -O2 -Werror -fomit-frame-pointer -ffast-math -fexpensive-optimizations -I/usr/local/include/SDL -D_GNU_SOURCE=1 -D_REENTRANT'
DEFS='-DHAVE_CONFIG_H'
ECHO_C=''
ECHO_N='-n'
ECHO_T=''
EGREP='/bin/grep -E'
EXEEXT=''
GREP='/bin/grep'
INSTALL_DATA='${INSTALL} -m 644'
INSTALL_PROGRAM='${INSTALL}'
INSTALL_SCRIPT='${INSTALL}'
LDFLAGS='-Wl,-rpath,/usr/local/lib -L/usr/local/lib'
LIBOBJS=''
LIBS='  -ldl -lm  -ltcl8.3 -L/usr/local/lib -Wl,-rpath,/usr/local/lib -lSDL -lpthread -lSDL_mixer  -lGLESv2'
LTLIBOBJS=''
MAKEINFO='/source/my_tuxracer/missing makeinfo'
OBJEXT='o'
PACKAGE='tuxracer'
PACKAGE_BUGREPORT=''
PACKAGE_NAME=''
PACKAGE_STRING=''
PACKAGE_TARNAME=''
PACKAGE_URL=''
PACKAGE_VERSION=''
PATH_SEPARATOR=':'
RANLIB='ranlib'
SDL_CFLAGS='-I/usr/local/include/SDL -D_GNU_SOURCE=1 -D_REENTRANT'
SDL_CONFIG='/usr/local/bin/sdl-config'
SDL_LIBS='-L/usr/local/lib -Wl,-rpath,/usr/local/lib -lSDL -lpthread'
SET_MAKE=''
SHELL='/bin/sh'
TR_CFLAGS='-O2 -Werror -fomit-frame-pointer -ffast-math -fexpensive-optimizations -I/usr/local/include/SDL -D_GNU_SOURCE=1 -D_REENTRANT'
TR_CPPFLAGS=' -DTUXRACER_NO_ASSERT=1 -I/usr/local/include/tcl8.3 -DTCL_HEADER=\<tcl.h\> -DHAVE_SDL=1 -DHAVE_SDL_MIXER=1'
TR_CXXFLAGS='-O2 -Werror -fomit-frame-pointer -ffast-math -fexpensive-optimizations -I/usr/local/include/SDL -D_GNU_SOURCE=1 -D_REENTRANT'
TR_LIBS=' -ldl -lm  -ltcl8.3 -L/usr/local/lib -Wl,-rpath,/usr/local/lib -lSDL -lpthread -lSDL_mixer  -lGLESv2'
VERSION='0.61'
XMKMF=''
X_CFLAGS=''
X_EXTRA_LIBS=''
X_LIBS=''
X_PRE_LIBS=''
ac_ct_CC='gcc'
ac_ct_CXX='g++'
bindir='${exec_prefix}/bin'
build='arm-none-linux-gnueabi'
build_alias=''
build_cpu='arm'
build_os='linux-gnueabi'
build_vendor='none'
datadir='${datarootdir}'
datarootdir='${prefix}/share'
docdir='${datarootdir}/doc/${PACKAGE}'
dvidir='${docdir}'
exec_prefix='${prefix}'
host='arm-none-linux-gnueabi'
host_alias=''
host_cpu='arm'
host_os='linux-gnueabi'
host_vendor='none'
htmldir='${docdir}'
includedir='${prefix}/include'
infodir='${datarootdir}/info'
libdir='${exec_prefix}/lib'
libexecdir='${exec_prefix}/libexec'
localedir='${datarootdir}/locale'
localstatedir='${prefix}/var'
mandir='${datarootdir}/man'
oldincludedir='/usr/include'
pdfdir='${docdir}'
prefix='/usr/local'
program_transform_name='s,x,x,'
psdir='${docdir}'
sbindir='${exec_prefix}/sbin'
sharedstatedir='${prefix}/com'
sysconfdir='${prefix}/etc'
target_alias=''

## ----------- ##
## confdefs.h. ##
## ----------- ##

/* confdefs.h */
#define PACKAGE_NAME ""
#define PACKAGE_TARNAME ""
#define PACKAGE_VERSION ""
#define PACKAGE_STRING ""
#define PACKAGE_BUGREPORT ""
#define PACKAGE_URL ""
#define PACKAGE "tuxracer"
#define VERSION "0.61"
#define STDC_HEADERS 1
#define HAVE_SYS_TYPES_H 1
#define HAVE_SYS_STAT_H 1
#define HAVE_STDLIB_H 1
#define HAVE_STRING_H 1
#define HAVE_MEMORY_H 1
#define HAVE_STRINGS_H 1
#define HAVE_INTTYPES_H 1
#define HAVE_STDINT_H 1
#define HAVE_UNISTD_H 1
#define HAVE_SYS_TIME_H 1
#define HAVE_UNISTD_H 1
#define TIME_WITH_SYS_TIME 1
#define HAVE_GETCWD 1
#define HAVE_GETTIMEOFDAY 1
#define HAVE_STRDUP 1
#define HAVE_FINITE 1
#define HAVE_ISNAN 1
#define X_DISPLAY_MISSING 1
#define HAVE_SDL_JOYSTICKOPEN 1

configure: exit 0
